[0.707s] Invoking command in '/home/developer/ros2_ws/src/solver': PYTHONPATH=/home/developer/ros2_ws/src/build/solver/prefix_override:/usr/lib/python3/dist-packages/colcon_core/task/python/colcon_distutils_commands:/home/developer/ros2_ws/src/install/solver/lib/python3.10/site-packages:${PYTHONPATH} /usr/bin/python3 -W ignore:setup.py install is deprecated -W ignore:easy_install command is deprecated setup.py egg_info --egg-base ../build/solver build --build-base /home/developer/ros2_ws/src/build/solver/build install --record /home/developer/ros2_ws/src/build/solver/install.log --single-version-externally-managed install_data
[0.985s] running egg_info
[0.985s] writing ../build/solver/solver.egg-info/PKG-INFO
[0.986s] writing dependency_links to ../build/solver/solver.egg-info/dependency_links.txt
[0.986s] writing entry points to ../build/solver/solver.egg-info/entry_points.txt
[0.986s] writing requirements to ../build/solver/solver.egg-info/requires.txt
[0.986s] writing top-level names to ../build/solver/solver.egg-info/top_level.txt
[0.988s] reading manifest file '../build/solver/solver.egg-info/SOURCES.txt'
[0.989s] writing manifest file '../build/solver/solver.egg-info/SOURCES.txt'
[0.989s] running build
[0.989s] running build_py
[0.989s] running install
[0.989s] running install_lib
[0.991s] running install_data
[0.991s] running install_egg_info
[0.993s] removing '/home/developer/ros2_ws/src/install/solver/lib/python3.10/site-packages/solver-0.0.0-py3.10.egg-info' (and everything under it)
[0.993s] Copying ../build/solver/solver.egg-info to /home/developer/ros2_ws/src/install/solver/lib/python3.10/site-packages/solver-0.0.0-py3.10.egg-info
[0.994s] running install_scripts
[1.020s] Installing challenge script to /home/developer/ros2_ws/src/install/solver/lib/solver
[1.020s] writing list of installed files to '/home/developer/ros2_ws/src/build/solver/install.log'
[1.057s] Invoked command in '/home/developer/ros2_ws/src/solver' returned '0': PYTHONPATH=/home/developer/ros2_ws/src/build/solver/prefix_override:/usr/lib/python3/dist-packages/colcon_core/task/python/colcon_distutils_commands:/home/developer/ros2_ws/src/install/solver/lib/python3.10/site-packages:${PYTHONPATH} /usr/bin/python3 -W ignore:setup.py install is deprecated -W ignore:easy_install command is deprecated setup.py egg_info --egg-base ../build/solver build --build-base /home/developer/ros2_ws/src/build/solver/build install --record /home/developer/ros2_ws/src/build/solver/install.log --single-version-externally-managed install_data
