/home/developer/ros2_ws/src/install/avader/lib/python3.10/site-packages/avader/topics.py
/home/developer/ros2_ws/src/install/avader/lib/python3.10/site-packages/avader/task_2.py
/home/developer/ros2_ws/src/install/avader/lib/python3.10/site-packages/avader/__init__.py
/home/developer/ros2_ws/src/install/avader/lib/python3.10/site-packages/avader/camera.py
/home/developer/ros2_ws/src/install/avader/lib/python3.10/site-packages/avader/hover_start.py
/home/developer/ros2_ws/src/install/avader/lib/python3.10/site-packages/avader/task_3.py
/home/developer/ros2_ws/src/install/avader/lib/python3.10/site-packages/avader/task_1.py
/home/developer/ros2_ws/src/install/avader/lib/python3.10/site-packages/avader/__pycache__/topics.cpython-310.pyc
/home/developer/ros2_ws/src/install/avader/lib/python3.10/site-packages/avader/__pycache__/task_2.cpython-310.pyc
/home/developer/ros2_ws/src/install/avader/lib/python3.10/site-packages/avader/__pycache__/__init__.cpython-310.pyc
/home/developer/ros2_ws/src/install/avader/lib/python3.10/site-packages/avader/__pycache__/camera.cpython-310.pyc
/home/developer/ros2_ws/src/install/avader/lib/python3.10/site-packages/avader/__pycache__/hover_start.cpython-310.pyc
/home/developer/ros2_ws/src/install/avader/lib/python3.10/site-packages/avader/__pycache__/task_3.cpython-310.pyc
/home/developer/ros2_ws/src/install/avader/lib/python3.10/site-packages/avader/__pycache__/task_1.cpython-310.pyc
/home/developer/ros2_ws/src/install/avader/share/ament_index/resource_index/packages/avader
/home/developer/ros2_ws/src/install/avader/share/avader/launch/x500.launch.py
/home/developer/ros2_ws/src/install/avader/share/avader/package.xml
/home/developer/ros2_ws/src/install/avader/lib/python3.10/site-packages/avader-0.0.0-py3.10.egg-info/top_level.txt
/home/developer/ros2_ws/src/install/avader/lib/python3.10/site-packages/avader-0.0.0-py3.10.egg-info/entry_points.txt
/home/developer/ros2_ws/src/install/avader/lib/python3.10/site-packages/avader-0.0.0-py3.10.egg-info/dependency_links.txt
/home/developer/ros2_ws/src/install/avader/lib/python3.10/site-packages/avader-0.0.0-py3.10.egg-info/zip-safe
/home/developer/ros2_ws/src/install/avader/lib/python3.10/site-packages/avader-0.0.0-py3.10.egg-info/SOURCES.txt
/home/developer/ros2_ws/src/install/avader/lib/python3.10/site-packages/avader-0.0.0-py3.10.egg-info/requires.txt
/home/developer/ros2_ws/src/install/avader/lib/python3.10/site-packages/avader-0.0.0-py3.10.egg-info/PKG-INFO
/home/developer/ros2_ws/src/install/avader/lib/avader/camera
/home/developer/ros2_ws/src/install/avader/lib/avader/hover_start
/home/developer/ros2_ws/src/install/avader/lib/avader/task_1
/home/developer/ros2_ws/src/install/avader/lib/avader/task_2
/home/developer/ros2_ws/src/install/avader/lib/avader/task_3
