[0.763s] Invoking command in '/home/developer/ros2_ws/src/solver': PYTHONPATH=/home/developer/ros2_ws/src/build/solver/prefix_override:/usr/lib/python3/dist-packages/colcon_core/task/python/colcon_distutils_commands:/home/developer/ros2_ws/src/install/solver/lib/python3.10/site-packages:${PYTHONPATH} /usr/bin/python3 -W ignore:setup.py install is deprecated -W ignore:easy_install command is deprecated setup.py egg_info --egg-base ../build/solver build --build-base /home/developer/ros2_ws/src/build/solver/build install --record /home/developer/ros2_ws/src/build/solver/install.log --single-version-externally-managed install_data
[1.061s] running egg_info
[1.062s] writing ../build/solver/solver.egg-info/PKG-INFO
[1.062s] writing dependency_links to ../build/solver/solver.egg-info/dependency_links.txt
[1.062s] writing entry points to ../build/solver/solver.egg-info/entry_points.txt
[1.062s] writing requirements to ../build/solver/solver.egg-info/requires.txt
[1.063s] writing top-level names to ../build/solver/solver.egg-info/top_level.txt
[1.065s] reading manifest file '../build/solver/solver.egg-info/SOURCES.txt'
[1.066s] writing manifest file '../build/solver/solver.egg-info/SOURCES.txt'
[1.066s] running build
[1.066s] running build_py
[1.066s] copying solver/challenge.py -> /home/developer/ros2_ws/src/build/solver/build/lib/solver
[1.067s] running install
[1.067s] running install_lib
[1.068s] copying /home/developer/ros2_ws/src/build/solver/build/lib/solver/challenge.py -> /home/developer/ros2_ws/src/install/solver/lib/python3.10/site-packages/solver
[1.069s] byte-compiling /home/developer/ros2_ws/src/install/solver/lib/python3.10/site-packages/solver/challenge.py to challenge.cpython-310.pyc
[1.071s] running install_data
[1.071s] running install_egg_info
[1.073s] removing '/home/developer/ros2_ws/src/install/solver/lib/python3.10/site-packages/solver-0.0.0-py3.10.egg-info' (and everything under it)
[1.073s] Copying ../build/solver/solver.egg-info to /home/developer/ros2_ws/src/install/solver/lib/python3.10/site-packages/solver-0.0.0-py3.10.egg-info
[1.075s] running install_scripts
[1.097s] Installing challenge script to /home/developer/ros2_ws/src/install/solver/lib/solver
[1.098s] writing list of installed files to '/home/developer/ros2_ws/src/build/solver/install.log'
[1.123s] Invoked command in '/home/developer/ros2_ws/src/solver' returned '0': PYTHONPATH=/home/developer/ros2_ws/src/build/solver/prefix_override:/usr/lib/python3/dist-packages/colcon_core/task/python/colcon_distutils_commands:/home/developer/ros2_ws/src/install/solver/lib/python3.10/site-packages:${PYTHONPATH} /usr/bin/python3 -W ignore:setup.py install is deprecated -W ignore:easy_install command is deprecated setup.py egg_info --egg-base ../build/solver build --build-base /home/developer/ros2_ws/src/build/solver/build install --record /home/developer/ros2_ws/src/build/solver/install.log --single-version-externally-managed install_data
