[0.193s] DEBUG:colcon:Command line arguments: ['/usr/bin/colcon', 'build', '--packages-select', 'solver']
[0.194s] DEBUG:colcon:Parsed command line arguments: Namespace(log_base=None, log_level=None, verb_name='build', build_base='build', install_base='install', merge_install=False, symlink_install=False, test_result_base=None, continue_on_error=False, executor='parallel', parallel_workers=16, event_handlers=None, ignore_user_meta=False, metas=['./colcon.meta'], base_paths=['.'], packages_ignore=None, packages_ignore_regex=None, paths=None, packages_up_to=None, packages_up_to_regex=None, packages_above=None, packages_above_and_dependencies=None, packages_above_depth=None, packages_select_by_dep=None, packages_skip_by_dep=None, packages_skip_up_to=None, packages_select_build_failed=False, packages_skip_build_finished=False, packages_select_test_failures=False, packages_skip_test_passed=False, packages_select=['solver'], packages_skip=None, packages_select_regex=None, packages_skip_regex=None, packages_start=None, packages_end=None, cmake_args=None, cmake_target=None, cmake_target_skip_unavailable=False, cmake_clean_cache=False, cmake_clean_first=False, cmake_force_configure=False, ament_cmake_args=None, catkin_cmake_args=None, catkin_skip_building_tests=False, mixin_files=None, mixin=None, verb_parser=<colcon_mixin.mixin.mixin_argument.MixinArgumentDecorator object at 0x7e09e4004d60>, verb_extension=<colcon_core.verb.build.BuildVerb object at 0x7e09e4183b50>, main=<bound method BuildVerb.main of <colcon_core.verb.build.BuildVerb object at 0x7e09e4183b50>>, mixin_verb=('build',))
[0.429s] Level 1:colcon.colcon_core.package_discovery:discover_packages(colcon_meta) check parameters
[0.429s] Level 1:colcon.colcon_core.package_discovery:discover_packages(recursive) check parameters
[0.429s] Level 1:colcon.colcon_core.package_discovery:discover_packages(ignore) check parameters
[0.429s] Level 1:colcon.colcon_core.package_discovery:discover_packages(path) check parameters
[0.429s] Level 1:colcon.colcon_core.package_discovery:discover_packages(colcon_meta) discover
[0.429s] Level 1:colcon.colcon_core.package_discovery:discover_packages(recursive) discover
[0.429s] INFO:colcon.colcon_core.package_discovery:Crawling recursively for packages in '/home/developer/ros2_ws/src'
[0.430s] Level 1:colcon.colcon_core.package_identification:_identify(.) by extensions ['ignore', 'ignore_ament_install']
[0.430s] Level 1:colcon.colcon_core.package_identification:_identify(.) by extension 'ignore'
[0.430s] Level 1:colcon.colcon_core.package_identification:_identify(.) by extension 'ignore_ament_install'
[0.430s] Level 1:colcon.colcon_core.package_identification:_identify(.) by extensions ['colcon_pkg']
[0.430s] Level 1:colcon.colcon_core.package_identification:_identify(.) by extension 'colcon_pkg'
[0.430s] Level 1:colcon.colcon_core.package_identification:_identify(.) by extensions ['colcon_meta']
[0.430s] Level 1:colcon.colcon_core.package_identification:_identify(.) by extension 'colcon_meta'
[0.430s] Level 1:colcon.colcon_core.package_identification:_identify(.) by extensions ['ros']
[0.430s] Level 1:colcon.colcon_core.package_identification:_identify(.) by extension 'ros'
[0.442s] Level 1:colcon.colcon_core.package_identification:_identify(.) by extensions ['cmake', 'python']
[0.443s] Level 1:colcon.colcon_core.package_identification:_identify(.) by extension 'cmake'
[0.443s] Level 1:colcon.colcon_core.package_identification:_identify(.) by extension 'python'
[0.443s] Level 1:colcon.colcon_core.package_identification:_identify(.) by extensions ['python_setup_py']
[0.443s] Level 1:colcon.colcon_core.package_identification:_identify(.) by extension 'python_setup_py'
[0.443s] Level 1:colcon.colcon_core.package_identification:_identify(avader) by extensions ['ignore', 'ignore_ament_install']
[0.443s] Level 1:colcon.colcon_core.package_identification:_identify(avader) by extension 'ignore'
[0.443s] Level 1:colcon.colcon_core.package_identification:_identify(avader) by extension 'ignore_ament_install'
[0.443s] Level 1:colcon.colcon_core.package_identification:_identify(avader) by extensions ['colcon_pkg']
[0.443s] Level 1:colcon.colcon_core.package_identification:_identify(avader) by extension 'colcon_pkg'
[0.443s] Level 1:colcon.colcon_core.package_identification:_identify(avader) by extensions ['colcon_meta']
[0.443s] Level 1:colcon.colcon_core.package_identification:_identify(avader) by extension 'colcon_meta'
[0.443s] Level 1:colcon.colcon_core.package_identification:_identify(avader) by extensions ['ros']
[0.443s] Level 1:colcon.colcon_core.package_identification:_identify(avader) by extension 'ros'
[0.446s] DEBUG:colcon.colcon_core.package_identification:Package 'avader' with type 'ros.ament_python' and name 'avader'
[0.446s] Level 1:colcon.colcon_core.package_identification:_identify(build) by extensions ['ignore', 'ignore_ament_install']
[0.446s] Level 1:colcon.colcon_core.package_identification:_identify(build) by extension 'ignore'
[0.446s] Level 1:colcon.colcon_core.package_identification:_identify(build) ignored
[0.446s] Level 1:colcon.colcon_core.package_identification:_identify(images) by extensions ['ignore', 'ignore_ament_install']
[0.446s] Level 1:colcon.colcon_core.package_identification:_identify(images) by extension 'ignore'
[0.447s] Level 1:colcon.colcon_core.package_identification:_identify(images) by extension 'ignore_ament_install'
[0.447s] Level 1:colcon.colcon_core.package_identification:_identify(images) by extensions ['colcon_pkg']
[0.447s] Level 1:colcon.colcon_core.package_identification:_identify(images) by extension 'colcon_pkg'
[0.447s] Level 1:colcon.colcon_core.package_identification:_identify(images) by extensions ['colcon_meta']
[0.447s] Level 1:colcon.colcon_core.package_identification:_identify(images) by extension 'colcon_meta'
[0.447s] Level 1:colcon.colcon_core.package_identification:_identify(images) by extensions ['ros']
[0.447s] Level 1:colcon.colcon_core.package_identification:_identify(images) by extension 'ros'
[0.447s] Level 1:colcon.colcon_core.package_identification:_identify(images) by extensions ['cmake', 'python']
[0.447s] Level 1:colcon.colcon_core.package_identification:_identify(images) by extension 'cmake'
[0.447s] Level 1:colcon.colcon_core.package_identification:_identify(images) by extension 'python'
[0.447s] Level 1:colcon.colcon_core.package_identification:_identify(images) by extensions ['python_setup_py']
[0.447s] Level 1:colcon.colcon_core.package_identification:_identify(images) by extension 'python_setup_py'
[0.447s] Level 1:colcon.colcon_core.package_identification:_identify(install) by extensions ['ignore', 'ignore_ament_install']
[0.447s] Level 1:colcon.colcon_core.package_identification:_identify(install) by extension 'ignore'
[0.447s] Level 1:colcon.colcon_core.package_identification:_identify(install) ignored
[0.448s] Level 1:colcon.colcon_core.package_identification:_identify(log) by extensions ['ignore', 'ignore_ament_install']
[0.448s] Level 1:colcon.colcon_core.package_identification:_identify(log) by extension 'ignore'
[0.448s] Level 1:colcon.colcon_core.package_identification:_identify(log) ignored
[0.448s] Level 1:colcon.colcon_core.package_identification:_identify(solver) by extensions ['ignore', 'ignore_ament_install']
[0.448s] Level 1:colcon.colcon_core.package_identification:_identify(solver) by extension 'ignore'
[0.448s] Level 1:colcon.colcon_core.package_identification:_identify(solver) by extension 'ignore_ament_install'
[0.448s] Level 1:colcon.colcon_core.package_identification:_identify(solver) by extensions ['colcon_pkg']
[0.448s] Level 1:colcon.colcon_core.package_identification:_identify(solver) by extension 'colcon_pkg'
[0.448s] Level 1:colcon.colcon_core.package_identification:_identify(solver) by extensions ['colcon_meta']
[0.448s] Level 1:colcon.colcon_core.package_identification:_identify(solver) by extension 'colcon_meta'
[0.448s] Level 1:colcon.colcon_core.package_identification:_identify(solver) by extensions ['ros']
[0.448s] Level 1:colcon.colcon_core.package_identification:_identify(solver) by extension 'ros'
[0.449s] DEBUG:colcon.colcon_core.package_identification:Package 'solver' with type 'ros.ament_python' and name 'solver'
[0.449s] Level 1:colcon.colcon_core.package_identification:_identify(vcs_repos) by extensions ['ignore', 'ignore_ament_install']
[0.449s] Level 1:colcon.colcon_core.package_identification:_identify(vcs_repos) by extension 'ignore'
[0.449s] Level 1:colcon.colcon_core.package_identification:_identify(vcs_repos) by extension 'ignore_ament_install'
[0.449s] Level 1:colcon.colcon_core.package_identification:_identify(vcs_repos) by extensions ['colcon_pkg']
[0.449s] Level 1:colcon.colcon_core.package_identification:_identify(vcs_repos) by extension 'colcon_pkg'
[0.449s] Level 1:colcon.colcon_core.package_identification:_identify(vcs_repos) by extensions ['colcon_meta']
[0.449s] Level 1:colcon.colcon_core.package_identification:_identify(vcs_repos) by extension 'colcon_meta'
[0.449s] Level 1:colcon.colcon_core.package_identification:_identify(vcs_repos) by extensions ['ros']
[0.449s] Level 1:colcon.colcon_core.package_identification:_identify(vcs_repos) by extension 'ros'
[0.449s] Level 1:colcon.colcon_core.package_identification:_identify(vcs_repos) by extensions ['cmake', 'python']
[0.450s] Level 1:colcon.colcon_core.package_identification:_identify(vcs_repos) by extension 'cmake'
[0.450s] Level 1:colcon.colcon_core.package_identification:_identify(vcs_repos) by extension 'python'
[0.450s] Level 1:colcon.colcon_core.package_identification:_identify(vcs_repos) by extensions ['python_setup_py']
[0.450s] Level 1:colcon.colcon_core.package_identification:_identify(vcs_repos) by extension 'python_setup_py'
[0.450s] Level 1:colcon.colcon_core.package_identification:_identify(vcs_repos/px4_msgs) by extensions ['ignore', 'ignore_ament_install']
[0.450s] Level 1:colcon.colcon_core.package_identification:_identify(vcs_repos/px4_msgs) by extension 'ignore'
[0.450s] Level 1:colcon.colcon_core.package_identification:_identify(vcs_repos/px4_msgs) by extension 'ignore_ament_install'
[0.450s] Level 1:colcon.colcon_core.package_identification:_identify(vcs_repos/px4_msgs) by extensions ['colcon_pkg']
[0.450s] Level 1:colcon.colcon_core.package_identification:_identify(vcs_repos/px4_msgs) by extension 'colcon_pkg'
[0.450s] Level 1:colcon.colcon_core.package_identification:_identify(vcs_repos/px4_msgs) by extensions ['colcon_meta']
[0.450s] Level 1:colcon.colcon_core.package_identification:_identify(vcs_repos/px4_msgs) by extension 'colcon_meta'
[0.450s] Level 1:colcon.colcon_core.package_identification:_identify(vcs_repos/px4_msgs) by extensions ['ros']
[0.450s] Level 1:colcon.colcon_core.package_identification:_identify(vcs_repos/px4_msgs) by extension 'ros'
[0.451s] DEBUG:colcon.colcon_core.package_identification:Package 'vcs_repos/px4_msgs' with type 'ros.ament_cmake' and name 'px4_msgs'
[0.451s] Level 1:colcon.colcon_core.package_identification:_identify(vcs_repos/px4_ros_com) by extensions ['ignore', 'ignore_ament_install']
[0.451s] Level 1:colcon.colcon_core.package_identification:_identify(vcs_repos/px4_ros_com) by extension 'ignore'
[0.451s] Level 1:colcon.colcon_core.package_identification:_identify(vcs_repos/px4_ros_com) by extension 'ignore_ament_install'
[0.451s] Level 1:colcon.colcon_core.package_identification:_identify(vcs_repos/px4_ros_com) by extensions ['colcon_pkg']
[0.451s] Level 1:colcon.colcon_core.package_identification:_identify(vcs_repos/px4_ros_com) by extension 'colcon_pkg'
[0.451s] Level 1:colcon.colcon_core.package_identification:_identify(vcs_repos/px4_ros_com) by extensions ['colcon_meta']
[0.451s] Level 1:colcon.colcon_core.package_identification:_identify(vcs_repos/px4_ros_com) by extension 'colcon_meta'
[0.451s] Level 1:colcon.colcon_core.package_identification:_identify(vcs_repos/px4_ros_com) by extensions ['ros']
[0.451s] Level 1:colcon.colcon_core.package_identification:_identify(vcs_repos/px4_ros_com) by extension 'ros'
[0.453s] DEBUG:colcon.colcon_core.package_identification:Package 'vcs_repos/px4_ros_com' with type 'ros.ament_cmake' and name 'px4_ros_com'
[0.453s] Level 1:colcon.colcon_core.package_identification:_identify(vcs_repos/uros) by extensions ['ignore', 'ignore_ament_install']
[0.453s] Level 1:colcon.colcon_core.package_identification:_identify(vcs_repos/uros) by extension 'ignore'
[0.453s] Level 1:colcon.colcon_core.package_identification:_identify(vcs_repos/uros) by extension 'ignore_ament_install'
[0.453s] Level 1:colcon.colcon_core.package_identification:_identify(vcs_repos/uros) by extensions ['colcon_pkg']
[0.453s] Level 1:colcon.colcon_core.package_identification:_identify(vcs_repos/uros) by extension 'colcon_pkg'
[0.453s] Level 1:colcon.colcon_core.package_identification:_identify(vcs_repos/uros) by extensions ['colcon_meta']
[0.453s] Level 1:colcon.colcon_core.package_identification:_identify(vcs_repos/uros) by extension 'colcon_meta'
[0.453s] Level 1:colcon.colcon_core.package_identification:_identify(vcs_repos/uros) by extensions ['ros']
[0.453s] Level 1:colcon.colcon_core.package_identification:_identify(vcs_repos/uros) by extension 'ros'
[0.453s] Level 1:colcon.colcon_core.package_identification:_identify(vcs_repos/uros) by extensions ['cmake', 'python']
[0.453s] Level 1:colcon.colcon_core.package_identification:_identify(vcs_repos/uros) by extension 'cmake'
[0.453s] Level 1:colcon.colcon_core.package_identification:_identify(vcs_repos/uros) by extension 'python'
[0.454s] Level 1:colcon.colcon_core.package_identification:_identify(vcs_repos/uros) by extensions ['python_setup_py']
[0.454s] Level 1:colcon.colcon_core.package_identification:_identify(vcs_repos/uros) by extension 'python_setup_py'
[0.454s] Level 1:colcon.colcon_core.package_identification:_identify(vcs_repos/uros/micro_ros_agent) by extensions ['ignore', 'ignore_ament_install']
[0.454s] Level 1:colcon.colcon_core.package_identification:_identify(vcs_repos/uros/micro_ros_agent) by extension 'ignore'
[0.454s] Level 1:colcon.colcon_core.package_identification:_identify(vcs_repos/uros/micro_ros_agent) by extension 'ignore_ament_install'
[0.454s] Level 1:colcon.colcon_core.package_identification:_identify(vcs_repos/uros/micro_ros_agent) by extensions ['colcon_pkg']
[0.454s] Level 1:colcon.colcon_core.package_identification:_identify(vcs_repos/uros/micro_ros_agent) by extension 'colcon_pkg'
[0.454s] Level 1:colcon.colcon_core.package_identification:_identify(vcs_repos/uros/micro_ros_agent) by extensions ['colcon_meta']
[0.454s] Level 1:colcon.colcon_core.package_identification:_identify(vcs_repos/uros/micro_ros_agent) by extension 'colcon_meta'
[0.454s] Level 1:colcon.colcon_core.package_identification:_identify(vcs_repos/uros/micro_ros_agent) by extensions ['ros']
[0.454s] Level 1:colcon.colcon_core.package_identification:_identify(vcs_repos/uros/micro_ros_agent) by extension 'ros'
[0.454s] Level 1:colcon.colcon_core.package_identification:_identify(vcs_repos/uros/micro_ros_agent) by extensions ['cmake', 'python']
[0.454s] Level 1:colcon.colcon_core.package_identification:_identify(vcs_repos/uros/micro_ros_agent) by extension 'cmake'
[0.454s] Level 1:colcon.colcon_core.package_identification:_identify(vcs_repos/uros/micro_ros_agent) by extension 'python'
[0.454s] Level 1:colcon.colcon_core.package_identification:_identify(vcs_repos/uros/micro_ros_agent) by extensions ['python_setup_py']
[0.454s] Level 1:colcon.colcon_core.package_identification:_identify(vcs_repos/uros/micro_ros_agent) by extension 'python_setup_py'
[0.455s] Level 1:colcon.colcon_core.package_identification:_identify(vcs_repos/uros/micro_ros_agent/micro_ros_agent) by extensions ['ignore', 'ignore_ament_install']
[0.455s] Level 1:colcon.colcon_core.package_identification:_identify(vcs_repos/uros/micro_ros_agent/micro_ros_agent) by extension 'ignore'
[0.455s] Level 1:colcon.colcon_core.package_identification:_identify(vcs_repos/uros/micro_ros_agent/micro_ros_agent) by extension 'ignore_ament_install'
[0.455s] Level 1:colcon.colcon_core.package_identification:_identify(vcs_repos/uros/micro_ros_agent/micro_ros_agent) by extensions ['colcon_pkg']
[0.455s] Level 1:colcon.colcon_core.package_identification:_identify(vcs_repos/uros/micro_ros_agent/micro_ros_agent) by extension 'colcon_pkg'
[0.455s] Level 1:colcon.colcon_core.package_identification:_identify(vcs_repos/uros/micro_ros_agent/micro_ros_agent) by extensions ['colcon_meta']
[0.455s] Level 1:colcon.colcon_core.package_identification:_identify(vcs_repos/uros/micro_ros_agent/micro_ros_agent) by extension 'colcon_meta'
[0.455s] Level 1:colcon.colcon_core.package_identification:_identify(vcs_repos/uros/micro_ros_agent/micro_ros_agent) by extensions ['ros']
[0.455s] Level 1:colcon.colcon_core.package_identification:_identify(vcs_repos/uros/micro_ros_agent/micro_ros_agent) by extension 'ros'
[0.457s] DEBUG:colcon.colcon_core.package_identification:Package 'vcs_repos/uros/micro_ros_agent/micro_ros_agent' with type 'ros.ament_cmake' and name 'micro_ros_agent'
[0.457s] Level 1:colcon.colcon_core.package_identification:_identify(vcs_repos/uros/micro_ros_agent/snap) by extensions ['ignore', 'ignore_ament_install']
[0.457s] Level 1:colcon.colcon_core.package_identification:_identify(vcs_repos/uros/micro_ros_agent/snap) by extension 'ignore'
[0.457s] Level 1:colcon.colcon_core.package_identification:_identify(vcs_repos/uros/micro_ros_agent/snap) by extension 'ignore_ament_install'
[0.457s] Level 1:colcon.colcon_core.package_identification:_identify(vcs_repos/uros/micro_ros_agent/snap) by extensions ['colcon_pkg']
[0.457s] Level 1:colcon.colcon_core.package_identification:_identify(vcs_repos/uros/micro_ros_agent/snap) by extension 'colcon_pkg'
[0.457s] Level 1:colcon.colcon_core.package_identification:_identify(vcs_repos/uros/micro_ros_agent/snap) by extensions ['colcon_meta']
[0.457s] Level 1:colcon.colcon_core.package_identification:_identify(vcs_repos/uros/micro_ros_agent/snap) by extension 'colcon_meta'
[0.457s] Level 1:colcon.colcon_core.package_identification:_identify(vcs_repos/uros/micro_ros_agent/snap) by extensions ['ros']
[0.457s] Level 1:colcon.colcon_core.package_identification:_identify(vcs_repos/uros/micro_ros_agent/snap) by extension 'ros'
[0.457s] Level 1:colcon.colcon_core.package_identification:_identify(vcs_repos/uros/micro_ros_agent/snap) by extensions ['cmake', 'python']
[0.457s] Level 1:colcon.colcon_core.package_identification:_identify(vcs_repos/uros/micro_ros_agent/snap) by extension 'cmake'
[0.457s] Level 1:colcon.colcon_core.package_identification:_identify(vcs_repos/uros/micro_ros_agent/snap) by extension 'python'
[0.458s] Level 1:colcon.colcon_core.package_identification:_identify(vcs_repos/uros/micro_ros_agent/snap) by extensions ['python_setup_py']
[0.458s] Level 1:colcon.colcon_core.package_identification:_identify(vcs_repos/uros/micro_ros_agent/snap) by extension 'python_setup_py'
[0.458s] Level 1:colcon.colcon_core.package_identification:_identify(vcs_repos/uros/micro_ros_agent/snap/hooks) by extensions ['ignore', 'ignore_ament_install']
[0.458s] Level 1:colcon.colcon_core.package_identification:_identify(vcs_repos/uros/micro_ros_agent/snap/hooks) by extension 'ignore'
[0.458s] Level 1:colcon.colcon_core.package_identification:_identify(vcs_repos/uros/micro_ros_agent/snap/hooks) by extension 'ignore_ament_install'
[0.458s] Level 1:colcon.colcon_core.package_identification:_identify(vcs_repos/uros/micro_ros_agent/snap/hooks) by extensions ['colcon_pkg']
[0.458s] Level 1:colcon.colcon_core.package_identification:_identify(vcs_repos/uros/micro_ros_agent/snap/hooks) by extension 'colcon_pkg'
[0.458s] Level 1:colcon.colcon_core.package_identification:_identify(vcs_repos/uros/micro_ros_agent/snap/hooks) by extensions ['colcon_meta']
[0.458s] Level 1:colcon.colcon_core.package_identification:_identify(vcs_repos/uros/micro_ros_agent/snap/hooks) by extension 'colcon_meta'
[0.458s] Level 1:colcon.colcon_core.package_identification:_identify(vcs_repos/uros/micro_ros_agent/snap/hooks) by extensions ['ros']
[0.458s] Level 1:colcon.colcon_core.package_identification:_identify(vcs_repos/uros/micro_ros_agent/snap/hooks) by extension 'ros'
[0.458s] Level 1:colcon.colcon_core.package_identification:_identify(vcs_repos/uros/micro_ros_agent/snap/hooks) by extensions ['cmake', 'python']
[0.458s] Level 1:colcon.colcon_core.package_identification:_identify(vcs_repos/uros/micro_ros_agent/snap/hooks) by extension 'cmake'
[0.458s] Level 1:colcon.colcon_core.package_identification:_identify(vcs_repos/uros/micro_ros_agent/snap/hooks) by extension 'python'
[0.458s] Level 1:colcon.colcon_core.package_identification:_identify(vcs_repos/uros/micro_ros_agent/snap/hooks) by extensions ['python_setup_py']
[0.458s] Level 1:colcon.colcon_core.package_identification:_identify(vcs_repos/uros/micro_ros_agent/snap/hooks) by extension 'python_setup_py'
[0.459s] Level 1:colcon.colcon_core.package_identification:_identify(vcs_repos/uros/micro_ros_agent/snap/local) by extensions ['ignore', 'ignore_ament_install']
[0.459s] Level 1:colcon.colcon_core.package_identification:_identify(vcs_repos/uros/micro_ros_agent/snap/local) by extension 'ignore'
[0.459s] Level 1:colcon.colcon_core.package_identification:_identify(vcs_repos/uros/micro_ros_agent/snap/local) by extension 'ignore_ament_install'
[0.459s] Level 1:colcon.colcon_core.package_identification:_identify(vcs_repos/uros/micro_ros_agent/snap/local) by extensions ['colcon_pkg']
[0.459s] Level 1:colcon.colcon_core.package_identification:_identify(vcs_repos/uros/micro_ros_agent/snap/local) by extension 'colcon_pkg'
[0.459s] Level 1:colcon.colcon_core.package_identification:_identify(vcs_repos/uros/micro_ros_agent/snap/local) by extensions ['colcon_meta']
[0.459s] Level 1:colcon.colcon_core.package_identification:_identify(vcs_repos/uros/micro_ros_agent/snap/local) by extension 'colcon_meta'
[0.459s] Level 1:colcon.colcon_core.package_identification:_identify(vcs_repos/uros/micro_ros_agent/snap/local) by extensions ['ros']
[0.459s] Level 1:colcon.colcon_core.package_identification:_identify(vcs_repos/uros/micro_ros_agent/snap/local) by extension 'ros'
[0.459s] Level 1:colcon.colcon_core.package_identification:_identify(vcs_repos/uros/micro_ros_agent/snap/local) by extensions ['cmake', 'python']
[0.459s] Level 1:colcon.colcon_core.package_identification:_identify(vcs_repos/uros/micro_ros_agent/snap/local) by extension 'cmake'
[0.459s] Level 1:colcon.colcon_core.package_identification:_identify(vcs_repos/uros/micro_ros_agent/snap/local) by extension 'python'
[0.459s] Level 1:colcon.colcon_core.package_identification:_identify(vcs_repos/uros/micro_ros_agent/snap/local) by extensions ['python_setup_py']
[0.459s] Level 1:colcon.colcon_core.package_identification:_identify(vcs_repos/uros/micro_ros_agent/snap/local) by extension 'python_setup_py'
[0.459s] Level 1:colcon.colcon_core.package_identification:_identify(vcs_repos/uros/micro_ros_msgs) by extensions ['ignore', 'ignore_ament_install']
[0.460s] Level 1:colcon.colcon_core.package_identification:_identify(vcs_repos/uros/micro_ros_msgs) by extension 'ignore'
[0.460s] Level 1:colcon.colcon_core.package_identification:_identify(vcs_repos/uros/micro_ros_msgs) by extension 'ignore_ament_install'
[0.460s] Level 1:colcon.colcon_core.package_identification:_identify(vcs_repos/uros/micro_ros_msgs) by extensions ['colcon_pkg']
[0.460s] Level 1:colcon.colcon_core.package_identification:_identify(vcs_repos/uros/micro_ros_msgs) by extension 'colcon_pkg'
[0.460s] Level 1:colcon.colcon_core.package_identification:_identify(vcs_repos/uros/micro_ros_msgs) by extensions ['colcon_meta']
[0.460s] Level 1:colcon.colcon_core.package_identification:_identify(vcs_repos/uros/micro_ros_msgs) by extension 'colcon_meta'
[0.460s] Level 1:colcon.colcon_core.package_identification:_identify(vcs_repos/uros/micro_ros_msgs) by extensions ['ros']
[0.460s] Level 1:colcon.colcon_core.package_identification:_identify(vcs_repos/uros/micro_ros_msgs) by extension 'ros'
[0.460s] DEBUG:colcon.colcon_core.package_identification:Package 'vcs_repos/uros/micro_ros_msgs' with type 'ros.ament_cmake' and name 'micro_ros_msgs'
[0.460s] Level 1:colcon.colcon_core.package_discovery:discover_packages(recursive) using defaults
[0.461s] Level 1:colcon.colcon_core.package_discovery:discover_packages(ignore) discover
[0.461s] Level 1:colcon.colcon_core.package_discovery:discover_packages(ignore) using defaults
[0.461s] Level 1:colcon.colcon_core.package_discovery:discover_packages(path) discover
[0.461s] Level 1:colcon.colcon_core.package_discovery:discover_packages(path) using defaults
[0.483s] INFO:colcon.colcon_core.package_selection:Skipping not selected package 'avader' in 'avader'
[0.483s] INFO:colcon.colcon_core.package_selection:Skipping not selected package 'micro_ros_msgs' in 'vcs_repos/uros/micro_ros_msgs'
[0.483s] INFO:colcon.colcon_core.package_selection:Skipping not selected package 'px4_msgs' in 'vcs_repos/px4_msgs'
[0.483s] INFO:colcon.colcon_core.package_selection:Skipping not selected package 'micro_ros_agent' in 'vcs_repos/uros/micro_ros_agent/micro_ros_agent'
[0.483s] INFO:colcon.colcon_core.package_selection:Skipping not selected package 'px4_ros_com' in 'vcs_repos/px4_ros_com'
[0.484s] Level 5:colcon.colcon_core.verb:set package 'solver' build argument 'cmake_args' from command line to 'None'
[0.484s] Level 5:colcon.colcon_core.verb:set package 'solver' build argument 'cmake_target' from command line to 'None'
[0.484s] Level 5:colcon.colcon_core.verb:set package 'solver' build argument 'cmake_target_skip_unavailable' from command line to 'False'
[0.484s] Level 5:colcon.colcon_core.verb:set package 'solver' build argument 'cmake_clean_cache' from command line to 'False'
[0.484s] Level 5:colcon.colcon_core.verb:set package 'solver' build argument 'cmake_clean_first' from command line to 'False'
[0.484s] Level 5:colcon.colcon_core.verb:set package 'solver' build argument 'cmake_force_configure' from command line to 'False'
[0.484s] Level 5:colcon.colcon_core.verb:set package 'solver' build argument 'ament_cmake_args' from command line to 'None'
[0.484s] Level 5:colcon.colcon_core.verb:set package 'solver' build argument 'catkin_cmake_args' from command line to 'None'
[0.484s] Level 5:colcon.colcon_core.verb:set package 'solver' build argument 'catkin_skip_building_tests' from command line to 'False'
[0.484s] DEBUG:colcon.colcon_core.verb:Building package 'solver' with the following arguments: {'ament_cmake_args': None, 'build_base': '/home/developer/ros2_ws/src/build/solver', 'catkin_cmake_args': None, 'catkin_skip_building_tests': False, 'cmake_args': None, 'cmake_clean_cache': False, 'cmake_clean_first': False, 'cmake_force_configure': False, 'cmake_target': None, 'cmake_target_skip_unavailable': False, 'install_base': '/home/developer/ros2_ws/src/install/solver', 'merge_install': False, 'path': '/home/developer/ros2_ws/src/solver', 'symlink_install': False, 'test_result_base': None}
[0.484s] INFO:colcon.colcon_core.executor:Executing jobs using 'parallel' executor
[0.486s] DEBUG:colcon.colcon_parallel_executor.executor.parallel:run_until_complete
[0.486s] INFO:colcon.colcon_ros.task.ament_python.build:Building ROS package in '/home/developer/ros2_ws/src/solver' with build type 'ament_python'
[0.487s] Level 1:colcon.colcon_core.shell:create_environment_hook('solver', 'ament_prefix_path')
[0.489s] INFO:colcon.colcon_core.plugin_system:Skipping extension 'colcon_core.shell.bat': Not used on non-Windows systems
[0.489s] INFO:colcon.colcon_core.shell:Creating environment hook '/home/developer/ros2_ws/src/install/solver/share/solver/hook/ament_prefix_path.ps1'
[0.490s] INFO:colcon.colcon_core.shell:Creating environment descriptor '/home/developer/ros2_ws/src/install/solver/share/solver/hook/ament_prefix_path.dsv'
[0.491s] INFO:colcon.colcon_core.shell:Creating environment hook '/home/developer/ros2_ws/src/install/solver/share/solver/hook/ament_prefix_path.sh'
[0.492s] INFO:colcon.colcon_core.shell:Skip shell extension 'powershell' for command environment: Not usable outside of PowerShell
[0.492s] DEBUG:colcon.colcon_core.shell:Skip shell extension 'dsv' for command environment
[0.845s] INFO:colcon.colcon_core.task.python.build:Building Python package in '/home/developer/ros2_ws/src/solver'
[0.846s] INFO:colcon.colcon_core.shell:Skip shell extension 'powershell' for command environment: Not usable outside of PowerShell
[0.846s] DEBUG:colcon.colcon_core.shell:Skip shell extension 'dsv' for command environment
[1.278s] DEBUG:colcon.colcon_core.event_handler.log_command:Invoking command in '/home/developer/ros2_ws/src/solver': PYTHONPATH=/home/developer/ros2_ws/src/build/solver/prefix_override:/usr/lib/python3/dist-packages/colcon_core/task/python/colcon_distutils_commands:/home/developer/ros2_ws/src/install/solver/lib/python3.10/site-packages:${PYTHONPATH} /usr/bin/python3 -W ignore:setup.py install is deprecated -W ignore:easy_install command is deprecated setup.py egg_info --egg-base ../build/solver build --build-base /home/developer/ros2_ws/src/build/solver/build install --record /home/developer/ros2_ws/src/build/solver/install.log --single-version-externally-managed install_data
[1.666s] DEBUG:colcon.colcon_core.event_handler.log_command:Invoked command in '/home/developer/ros2_ws/src/solver' returned '0': PYTHONPATH=/home/developer/ros2_ws/src/build/solver/prefix_override:/usr/lib/python3/dist-packages/colcon_core/task/python/colcon_distutils_commands:/home/developer/ros2_ws/src/install/solver/lib/python3.10/site-packages:${PYTHONPATH} /usr/bin/python3 -W ignore:setup.py install is deprecated -W ignore:easy_install command is deprecated setup.py egg_info --egg-base ../build/solver build --build-base /home/developer/ros2_ws/src/build/solver/build install --record /home/developer/ros2_ws/src/build/solver/install.log --single-version-externally-managed install_data
[1.669s] Level 1:colcon.colcon_core.environment:checking '/home/developer/ros2_ws/src/install/solver' for CMake module files
[1.669s] Level 1:colcon.colcon_core.environment:checking '/home/developer/ros2_ws/src/install/solver' for CMake config files
[1.670s] Level 1:colcon.colcon_core.environment:checking '/home/developer/ros2_ws/src/install/solver/lib'
[1.671s] Level 1:colcon.colcon_core.environment:checking '/home/developer/ros2_ws/src/install/solver/bin'
[1.671s] Level 1:colcon.colcon_core.environment:checking '/home/developer/ros2_ws/src/install/solver/lib/pkgconfig/solver.pc'
[1.671s] Level 1:colcon.colcon_core.environment:checking '/home/developer/ros2_ws/src/install/solver/lib/python3.10/site-packages'
[1.671s] Level 1:colcon.colcon_core.shell:create_environment_hook('solver', 'pythonpath')
[1.671s] INFO:colcon.colcon_core.shell:Creating environment hook '/home/developer/ros2_ws/src/install/solver/share/solver/hook/pythonpath.ps1'
[1.672s] INFO:colcon.colcon_core.shell:Creating environment descriptor '/home/developer/ros2_ws/src/install/solver/share/solver/hook/pythonpath.dsv'
[1.672s] INFO:colcon.colcon_core.shell:Creating environment hook '/home/developer/ros2_ws/src/install/solver/share/solver/hook/pythonpath.sh'
[1.673s] Level 1:colcon.colcon_core.environment:checking '/home/developer/ros2_ws/src/install/solver/bin'
[1.673s] Level 1:colcon.colcon_core.environment:create_environment_scripts_only(solver)
[1.674s] INFO:colcon.colcon_core.shell:Creating package script '/home/developer/ros2_ws/src/install/solver/share/solver/package.ps1'
[1.675s] INFO:colcon.colcon_core.shell:Creating package descriptor '/home/developer/ros2_ws/src/install/solver/share/solver/package.dsv'
[1.675s] INFO:colcon.colcon_core.shell:Creating package script '/home/developer/ros2_ws/src/install/solver/share/solver/package.sh'
[1.676s] INFO:colcon.colcon_core.shell:Creating package script '/home/developer/ros2_ws/src/install/solver/share/solver/package.bash'
[1.677s] INFO:colcon.colcon_core.shell:Creating package script '/home/developer/ros2_ws/src/install/solver/share/solver/package.zsh'
[1.678s] Level 1:colcon.colcon_core.environment:create_file_with_runtime_dependencies(/home/developer/ros2_ws/src/install/solver/share/colcon-core/packages/solver)
[1.678s] DEBUG:colcon.colcon_parallel_executor.executor.parallel:closing loop
[1.679s] DEBUG:colcon.colcon_parallel_executor.executor.parallel:loop closed
[1.679s] DEBUG:colcon.colcon_parallel_executor.executor.parallel:run_until_complete finished with '0'
[1.679s] DEBUG:colcon.colcon_core.event_reactor:joining thread
[1.685s] INFO:colcon.colcon_core.plugin_system:Skipping extension 'colcon_notification.desktop_notification.notify_send': Could not find 'notify-send'
[1.685s] INFO:colcon.colcon_core.plugin_system:Skipping extension 'colcon_notification.desktop_notification.terminal_notifier': Not used on non-Darwin systems
[1.685s] INFO:colcon.colcon_core.plugin_system:Skipping extension 'colcon_notification.desktop_notification.win32': Not used on non-Windows systems
[1.686s] INFO:colcon.colcon_notification.desktop_notification:Sending desktop notification using 'notify2'
[1.690s] DEBUG:colcon.colcon_notification.desktop_notification.notify2:Failed to initialize notify2: org.freedesktop.DBus.Error.Spawn.ExecFailed: /usr/bin/dbus-launch terminated abnormally without any error message
[1.691s] DEBUG:colcon.colcon_core.event_reactor:joined thread
[1.692s] INFO:colcon.colcon_core.shell:Creating prefix script '/home/developer/ros2_ws/src/install/local_setup.ps1'
[1.693s] INFO:colcon.colcon_core.shell:Creating prefix util module '/home/developer/ros2_ws/src/install/_local_setup_util_ps1.py'
[1.695s] INFO:colcon.colcon_core.shell:Creating prefix chain script '/home/developer/ros2_ws/src/install/setup.ps1'
[1.697s] INFO:colcon.colcon_core.shell:Creating prefix script '/home/developer/ros2_ws/src/install/local_setup.sh'
[1.699s] INFO:colcon.colcon_core.shell:Creating prefix util module '/home/developer/ros2_ws/src/install/_local_setup_util_sh.py'
[1.700s] INFO:colcon.colcon_core.shell:Creating prefix chain script '/home/developer/ros2_ws/src/install/setup.sh'
[1.702s] INFO:colcon.colcon_core.shell:Creating prefix script '/home/developer/ros2_ws/src/install/local_setup.bash'
[1.703s] INFO:colcon.colcon_core.shell:Creating prefix chain script '/home/developer/ros2_ws/src/install/setup.bash'
[1.704s] INFO:colcon.colcon_core.shell:Creating prefix script '/home/developer/ros2_ws/src/install/local_setup.zsh'
[1.705s] INFO:colcon.colcon_core.shell:Creating prefix chain script '/home/developer/ros2_ws/src/install/setup.zsh'
