[0.510s] Invoking command in '/home/developer/ros2_ws/src/solver': PYTHONPATH=/home/developer/ros2_ws/src/build/solver/prefix_override:/usr/lib/python3/dist-packages/colcon_core/task/python/colcon_distutils_commands:/home/developer/ros2_ws/src/install/solver/lib/python3.10/site-packages:${PYTHONPATH} /usr/bin/python3 -W ignore:setup.py install is deprecated -W ignore:easy_install command is deprecated setup.py egg_info --egg-base ../build/solver build --build-base /home/developer/ros2_ws/src/build/solver/build install --record /home/developer/ros2_ws/src/build/solver/install.log --single-version-externally-managed install_data
[0.709s] running egg_info
[0.709s] creating ../build/solver/solver.egg-info
[0.709s] writing ../build/solver/solver.egg-info/PKG-INFO
[0.710s] writing dependency_links to ../build/solver/solver.egg-info/dependency_links.txt
[0.710s] writing entry points to ../build/solver/solver.egg-info/entry_points.txt
[0.710s] writing requirements to ../build/solver/solver.egg-info/requires.txt
[0.710s] writing top-level names to ../build/solver/solver.egg-info/top_level.txt
[0.710s] writing manifest file '../build/solver/solver.egg-info/SOURCES.txt'
[0.711s] reading manifest file '../build/solver/solver.egg-info/SOURCES.txt'
[0.712s] writing manifest file '../build/solver/solver.egg-info/SOURCES.txt'
[0.712s] running build
[0.712s] running build_py
[0.712s] creating /home/developer/ros2_ws/src/build/solver/build
[0.712s] creating /home/developer/ros2_ws/src/build/solver/build/lib
[0.712s] creating /home/developer/ros2_ws/src/build/solver/build/lib/solver
[0.712s] copying solver/challenge.py -> /home/developer/ros2_ws/src/build/solver/build/lib/solver
[0.712s] copying solver/__init__.py -> /home/developer/ros2_ws/src/build/solver/build/lib/solver
[0.712s] running install
[0.713s] running install_lib
[0.713s] creating /home/developer/ros2_ws/src/install/solver/lib/python3.10/site-packages/solver
[0.713s] copying /home/developer/ros2_ws/src/build/solver/build/lib/solver/challenge.py -> /home/developer/ros2_ws/src/install/solver/lib/python3.10/site-packages/solver
[0.713s] copying /home/developer/ros2_ws/src/build/solver/build/lib/solver/__init__.py -> /home/developer/ros2_ws/src/install/solver/lib/python3.10/site-packages/solver
[0.714s] byte-compiling /home/developer/ros2_ws/src/install/solver/lib/python3.10/site-packages/solver/challenge.py to challenge.cpython-310.pyc
[0.716s] byte-compiling /home/developer/ros2_ws/src/install/solver/lib/python3.10/site-packages/solver/__init__.py to __init__.cpython-310.pyc
[0.716s] running install_data
[0.716s] creating /home/developer/ros2_ws/src/install/solver/share/ament_index
[0.716s] creating /home/developer/ros2_ws/src/install/solver/share/ament_index/resource_index
[0.716s] creating /home/developer/ros2_ws/src/install/solver/share/ament_index/resource_index/packages
[0.716s] copying resource/solver -> /home/developer/ros2_ws/src/install/solver/share/ament_index/resource_index/packages
[0.716s] copying package.xml -> /home/developer/ros2_ws/src/install/solver/share/solver
[0.716s] creating /home/developer/ros2_ws/src/install/solver/share/solver/launch
[0.716s] copying launch/tasks_solver.launch.py -> /home/developer/ros2_ws/src/install/solver/share/solver/launch
[0.716s] running install_egg_info
[0.718s] Copying ../build/solver/solver.egg-info to /home/developer/ros2_ws/src/install/solver/lib/python3.10/site-packages/solver-0.0.0-py3.10.egg-info
[0.719s] running install_scripts
[0.735s] Installing challenge script to /home/developer/ros2_ws/src/install/solver/lib/solver
[0.736s] writing list of installed files to '/home/developer/ros2_ws/src/build/solver/install.log'
[0.754s] Invoked command in '/home/developer/ros2_ws/src/solver' returned '0': PYTHONPATH=/home/developer/ros2_ws/src/build/solver/prefix_override:/usr/lib/python3/dist-packages/colcon_core/task/python/colcon_distutils_commands:/home/developer/ros2_ws/src/install/solver/lib/python3.10/site-packages:${PYTHONPATH} /usr/bin/python3 -W ignore:setup.py install is deprecated -W ignore:easy_install command is deprecated setup.py egg_info --egg-base ../build/solver build --build-base /home/developer/ros2_ws/src/build/solver/build install --record /home/developer/ros2_ws/src/build/solver/install.log --single-version-externally-managed install_data
