[0.162s] DEBUG:colcon:Command line arguments: ['/usr/bin/colcon', 'build', '--packages-select', 'solve']
[0.162s] DEBUG:colcon:Parsed command line arguments: Namespace(log_base=None, log_level=None, verb_name='build', build_base='build', install_base='install', merge_install=False, symlink_install=False, test_result_base=None, continue_on_error=False, executor='parallel', parallel_workers=16, event_handlers=None, ignore_user_meta=False, metas=['./colcon.meta'], base_paths=['.'], packages_ignore=None, packages_ignore_regex=None, paths=None, packages_up_to=None, packages_up_to_regex=None, packages_above=None, packages_above_and_dependencies=None, packages_above_depth=None, packages_select_by_dep=None, packages_skip_by_dep=None, packages_skip_up_to=None, packages_select_build_failed=False, packages_skip_build_finished=False, packages_select_test_failures=False, packages_skip_test_passed=False, packages_select=['solve'], packages_skip=None, packages_select_regex=None, packages_skip_regex=None, packages_start=None, packages_end=None, cmake_args=None, cmake_target=None, cmake_target_skip_unavailable=False, cmake_clean_cache=False, cmake_clean_first=False, cmake_force_configure=False, ament_cmake_args=None, catkin_cmake_args=None, catkin_skip_building_tests=False, mixin_files=None, mixin=None, verb_parser=<colcon_mixin.mixin.mixin_argument.MixinArgumentDecorator object at 0x7f9192d4cd00>, verb_extension=<colcon_core.verb.build.BuildVerb object at 0x7f9192ecbb50>, main=<bound method BuildVerb.main of <colcon_core.verb.build.BuildVerb object at 0x7f9192ecbb50>>, mixin_verb=('build',))
[0.388s] Level 1:colcon.colcon_core.package_discovery:discover_packages(colcon_meta) check parameters
[0.389s] Level 1:colcon.colcon_core.package_discovery:discover_packages(recursive) check parameters
[0.389s] Level 1:colcon.colcon_core.package_discovery:discover_packages(ignore) check parameters
[0.389s] Level 1:colcon.colcon_core.package_discovery:discover_packages(path) check parameters
[0.389s] Level 1:colcon.colcon_core.package_discovery:discover_packages(colcon_meta) discover
[0.389s] Level 1:colcon.colcon_core.package_discovery:discover_packages(recursive) discover
[0.389s] INFO:colcon.colcon_core.package_discovery:Crawling recursively for packages in '/home/developer/ros2_ws/src'
[0.389s] Level 1:colcon.colcon_core.package_identification:_identify(.) by extensions ['ignore', 'ignore_ament_install']
[0.389s] Level 1:colcon.colcon_core.package_identification:_identify(.) by extension 'ignore'
[0.389s] Level 1:colcon.colcon_core.package_identification:_identify(.) by extension 'ignore_ament_install'
[0.389s] Level 1:colcon.colcon_core.package_identification:_identify(.) by extensions ['colcon_pkg']
[0.389s] Level 1:colcon.colcon_core.package_identification:_identify(.) by extension 'colcon_pkg'
[0.390s] Level 1:colcon.colcon_core.package_identification:_identify(.) by extensions ['colcon_meta']
[0.390s] Level 1:colcon.colcon_core.package_identification:_identify(.) by extension 'colcon_meta'
[0.390s] Level 1:colcon.colcon_core.package_identification:_identify(.) by extensions ['ros']
[0.390s] Level 1:colcon.colcon_core.package_identification:_identify(.) by extension 'ros'
[0.402s] Level 1:colcon.colcon_core.package_identification:_identify(.) by extensions ['cmake', 'python']
[0.402s] Level 1:colcon.colcon_core.package_identification:_identify(.) by extension 'cmake'
[0.402s] Level 1:colcon.colcon_core.package_identification:_identify(.) by extension 'python'
[0.402s] Level 1:colcon.colcon_core.package_identification:_identify(.) by extensions ['python_setup_py']
[0.402s] Level 1:colcon.colcon_core.package_identification:_identify(.) by extension 'python_setup_py'
[0.403s] Level 1:colcon.colcon_core.package_identification:_identify(avader) by extensions ['ignore', 'ignore_ament_install']
[0.403s] Level 1:colcon.colcon_core.package_identification:_identify(avader) by extension 'ignore'
[0.403s] Level 1:colcon.colcon_core.package_identification:_identify(avader) by extension 'ignore_ament_install'
[0.403s] Level 1:colcon.colcon_core.package_identification:_identify(avader) by extensions ['colcon_pkg']
[0.403s] Level 1:colcon.colcon_core.package_identification:_identify(avader) by extension 'colcon_pkg'
[0.403s] Level 1:colcon.colcon_core.package_identification:_identify(avader) by extensions ['colcon_meta']
[0.403s] Level 1:colcon.colcon_core.package_identification:_identify(avader) by extension 'colcon_meta'
[0.403s] Level 1:colcon.colcon_core.package_identification:_identify(avader) by extensions ['ros']
[0.403s] Level 1:colcon.colcon_core.package_identification:_identify(avader) by extension 'ros'
[0.406s] DEBUG:colcon.colcon_core.package_identification:Package 'avader' with type 'ros.ament_python' and name 'avader'
[0.406s] Level 1:colcon.colcon_core.package_identification:_identify(build) by extensions ['ignore', 'ignore_ament_install']
[0.406s] Level 1:colcon.colcon_core.package_identification:_identify(build) by extension 'ignore'
[0.406s] Level 1:colcon.colcon_core.package_identification:_identify(build) ignored
[0.406s] Level 1:colcon.colcon_core.package_identification:_identify(images) by extensions ['ignore', 'ignore_ament_install']
[0.407s] Level 1:colcon.colcon_core.package_identification:_identify(images) by extension 'ignore'
[0.407s] Level 1:colcon.colcon_core.package_identification:_identify(images) by extension 'ignore_ament_install'
[0.407s] Level 1:colcon.colcon_core.package_identification:_identify(images) by extensions ['colcon_pkg']
[0.407s] Level 1:colcon.colcon_core.package_identification:_identify(images) by extension 'colcon_pkg'
[0.407s] Level 1:colcon.colcon_core.package_identification:_identify(images) by extensions ['colcon_meta']
[0.407s] Level 1:colcon.colcon_core.package_identification:_identify(images) by extension 'colcon_meta'
[0.407s] Level 1:colcon.colcon_core.package_identification:_identify(images) by extensions ['ros']
[0.407s] Level 1:colcon.colcon_core.package_identification:_identify(images) by extension 'ros'
[0.407s] Level 1:colcon.colcon_core.package_identification:_identify(images) by extensions ['cmake', 'python']
[0.407s] Level 1:colcon.colcon_core.package_identification:_identify(images) by extension 'cmake'
[0.407s] Level 1:colcon.colcon_core.package_identification:_identify(images) by extension 'python'
[0.407s] Level 1:colcon.colcon_core.package_identification:_identify(images) by extensions ['python_setup_py']
[0.407s] Level 1:colcon.colcon_core.package_identification:_identify(images) by extension 'python_setup_py'
[0.408s] Level 1:colcon.colcon_core.package_identification:_identify(install) by extensions ['ignore', 'ignore_ament_install']
[0.408s] Level 1:colcon.colcon_core.package_identification:_identify(install) by extension 'ignore'
[0.408s] Level 1:colcon.colcon_core.package_identification:_identify(install) ignored
[0.408s] Level 1:colcon.colcon_core.package_identification:_identify(log) by extensions ['ignore', 'ignore_ament_install']
[0.408s] Level 1:colcon.colcon_core.package_identification:_identify(log) by extension 'ignore'
[0.408s] Level 1:colcon.colcon_core.package_identification:_identify(log) ignored
[0.408s] Level 1:colcon.colcon_core.package_identification:_identify(solver) by extensions ['ignore', 'ignore_ament_install']
[0.408s] Level 1:colcon.colcon_core.package_identification:_identify(solver) by extension 'ignore'
[0.409s] Level 1:colcon.colcon_core.package_identification:_identify(solver) by extension 'ignore_ament_install'
[0.409s] Level 1:colcon.colcon_core.package_identification:_identify(solver) by extensions ['colcon_pkg']
[0.409s] Level 1:colcon.colcon_core.package_identification:_identify(solver) by extension 'colcon_pkg'
[0.409s] Level 1:colcon.colcon_core.package_identification:_identify(solver) by extensions ['colcon_meta']
[0.409s] Level 1:colcon.colcon_core.package_identification:_identify(solver) by extension 'colcon_meta'
[0.409s] Level 1:colcon.colcon_core.package_identification:_identify(solver) by extensions ['ros']
[0.409s] Level 1:colcon.colcon_core.package_identification:_identify(solver) by extension 'ros'
[0.409s] DEBUG:colcon.colcon_core.package_identification:Package 'solver' with type 'ros.ament_python' and name 'solver'
[0.410s] Level 1:colcon.colcon_core.package_identification:_identify(vcs_repos) by extensions ['ignore', 'ignore_ament_install']
[0.410s] Level 1:colcon.colcon_core.package_identification:_identify(vcs_repos) by extension 'ignore'
[0.410s] Level 1:colcon.colcon_core.package_identification:_identify(vcs_repos) by extension 'ignore_ament_install'
[0.410s] Level 1:colcon.colcon_core.package_identification:_identify(vcs_repos) by extensions ['colcon_pkg']
[0.410s] Level 1:colcon.colcon_core.package_identification:_identify(vcs_repos) by extension 'colcon_pkg'
[0.410s] Level 1:colcon.colcon_core.package_identification:_identify(vcs_repos) by extensions ['colcon_meta']
[0.410s] Level 1:colcon.colcon_core.package_identification:_identify(vcs_repos) by extension 'colcon_meta'
[0.410s] Level 1:colcon.colcon_core.package_identification:_identify(vcs_repos) by extensions ['ros']
[0.410s] Level 1:colcon.colcon_core.package_identification:_identify(vcs_repos) by extension 'ros'
[0.410s] Level 1:colcon.colcon_core.package_identification:_identify(vcs_repos) by extensions ['cmake', 'python']
[0.410s] Level 1:colcon.colcon_core.package_identification:_identify(vcs_repos) by extension 'cmake'
[0.411s] Level 1:colcon.colcon_core.package_identification:_identify(vcs_repos) by extension 'python'
[0.411s] Level 1:colcon.colcon_core.package_identification:_identify(vcs_repos) by extensions ['python_setup_py']
[0.411s] Level 1:colcon.colcon_core.package_identification:_identify(vcs_repos) by extension 'python_setup_py'
[0.411s] Level 1:colcon.colcon_core.package_identification:_identify(vcs_repos/px4_msgs) by extensions ['ignore', 'ignore_ament_install']
[0.411s] Level 1:colcon.colcon_core.package_identification:_identify(vcs_repos/px4_msgs) by extension 'ignore'
[0.411s] Level 1:colcon.colcon_core.package_identification:_identify(vcs_repos/px4_msgs) by extension 'ignore_ament_install'
[0.411s] Level 1:colcon.colcon_core.package_identification:_identify(vcs_repos/px4_msgs) by extensions ['colcon_pkg']
[0.411s] Level 1:colcon.colcon_core.package_identification:_identify(vcs_repos/px4_msgs) by extension 'colcon_pkg'
[0.411s] Level 1:colcon.colcon_core.package_identification:_identify(vcs_repos/px4_msgs) by extensions ['colcon_meta']
[0.411s] Level 1:colcon.colcon_core.package_identification:_identify(vcs_repos/px4_msgs) by extension 'colcon_meta'
[0.411s] Level 1:colcon.colcon_core.package_identification:_identify(vcs_repos/px4_msgs) by extensions ['ros']
[0.411s] Level 1:colcon.colcon_core.package_identification:_identify(vcs_repos/px4_msgs) by extension 'ros'
[0.412s] DEBUG:colcon.colcon_core.package_identification:Package 'vcs_repos/px4_msgs' with type 'ros.ament_cmake' and name 'px4_msgs'
[0.412s] Level 1:colcon.colcon_core.package_identification:_identify(vcs_repos/px4_ros_com) by extensions ['ignore', 'ignore_ament_install']
[0.412s] Level 1:colcon.colcon_core.package_identification:_identify(vcs_repos/px4_ros_com) by extension 'ignore'
[0.413s] Level 1:colcon.colcon_core.package_identification:_identify(vcs_repos/px4_ros_com) by extension 'ignore_ament_install'
[0.413s] Level 1:colcon.colcon_core.package_identification:_identify(vcs_repos/px4_ros_com) by extensions ['colcon_pkg']
[0.413s] Level 1:colcon.colcon_core.package_identification:_identify(vcs_repos/px4_ros_com) by extension 'colcon_pkg'
[0.413s] Level 1:colcon.colcon_core.package_identification:_identify(vcs_repos/px4_ros_com) by extensions ['colcon_meta']
[0.413s] Level 1:colcon.colcon_core.package_identification:_identify(vcs_repos/px4_ros_com) by extension 'colcon_meta'
[0.413s] Level 1:colcon.colcon_core.package_identification:_identify(vcs_repos/px4_ros_com) by extensions ['ros']
[0.413s] Level 1:colcon.colcon_core.package_identification:_identify(vcs_repos/px4_ros_com) by extension 'ros'
[0.414s] DEBUG:colcon.colcon_core.package_identification:Package 'vcs_repos/px4_ros_com' with type 'ros.ament_cmake' and name 'px4_ros_com'
[0.415s] Level 1:colcon.colcon_core.package_identification:_identify(vcs_repos/uros) by extensions ['ignore', 'ignore_ament_install']
[0.415s] Level 1:colcon.colcon_core.package_identification:_identify(vcs_repos/uros) by extension 'ignore'
[0.415s] Level 1:colcon.colcon_core.package_identification:_identify(vcs_repos/uros) by extension 'ignore_ament_install'
[0.415s] Level 1:colcon.colcon_core.package_identification:_identify(vcs_repos/uros) by extensions ['colcon_pkg']
[0.415s] Level 1:colcon.colcon_core.package_identification:_identify(vcs_repos/uros) by extension 'colcon_pkg'
[0.415s] Level 1:colcon.colcon_core.package_identification:_identify(vcs_repos/uros) by extensions ['colcon_meta']
[0.415s] Level 1:colcon.colcon_core.package_identification:_identify(vcs_repos/uros) by extension 'colcon_meta'
[0.415s] Level 1:colcon.colcon_core.package_identification:_identify(vcs_repos/uros) by extensions ['ros']
[0.415s] Level 1:colcon.colcon_core.package_identification:_identify(vcs_repos/uros) by extension 'ros'
[0.415s] Level 1:colcon.colcon_core.package_identification:_identify(vcs_repos/uros) by extensions ['cmake', 'python']
[0.415s] Level 1:colcon.colcon_core.package_identification:_identify(vcs_repos/uros) by extension 'cmake'
[0.415s] Level 1:colcon.colcon_core.package_identification:_identify(vcs_repos/uros) by extension 'python'
[0.415s] Level 1:colcon.colcon_core.package_identification:_identify(vcs_repos/uros) by extensions ['python_setup_py']
[0.415s] Level 1:colcon.colcon_core.package_identification:_identify(vcs_repos/uros) by extension 'python_setup_py'
[0.415s] Level 1:colcon.colcon_core.package_identification:_identify(vcs_repos/uros/micro_ros_agent) by extensions ['ignore', 'ignore_ament_install']
[0.416s] Level 1:colcon.colcon_core.package_identification:_identify(vcs_repos/uros/micro_ros_agent) by extension 'ignore'
[0.416s] Level 1:colcon.colcon_core.package_identification:_identify(vcs_repos/uros/micro_ros_agent) by extension 'ignore_ament_install'
[0.416s] Level 1:colcon.colcon_core.package_identification:_identify(vcs_repos/uros/micro_ros_agent) by extensions ['colcon_pkg']
[0.416s] Level 1:colcon.colcon_core.package_identification:_identify(vcs_repos/uros/micro_ros_agent) by extension 'colcon_pkg'
[0.416s] Level 1:colcon.colcon_core.package_identification:_identify(vcs_repos/uros/micro_ros_agent) by extensions ['colcon_meta']
[0.416s] Level 1:colcon.colcon_core.package_identification:_identify(vcs_repos/uros/micro_ros_agent) by extension 'colcon_meta'
[0.416s] Level 1:colcon.colcon_core.package_identification:_identify(vcs_repos/uros/micro_ros_agent) by extensions ['ros']
[0.416s] Level 1:colcon.colcon_core.package_identification:_identify(vcs_repos/uros/micro_ros_agent) by extension 'ros'
[0.416s] Level 1:colcon.colcon_core.package_identification:_identify(vcs_repos/uros/micro_ros_agent) by extensions ['cmake', 'python']
[0.416s] Level 1:colcon.colcon_core.package_identification:_identify(vcs_repos/uros/micro_ros_agent) by extension 'cmake'
[0.416s] Level 1:colcon.colcon_core.package_identification:_identify(vcs_repos/uros/micro_ros_agent) by extension 'python'
[0.416s] Level 1:colcon.colcon_core.package_identification:_identify(vcs_repos/uros/micro_ros_agent) by extensions ['python_setup_py']
[0.416s] Level 1:colcon.colcon_core.package_identification:_identify(vcs_repos/uros/micro_ros_agent) by extension 'python_setup_py'
[0.417s] Level 1:colcon.colcon_core.package_identification:_identify(vcs_repos/uros/micro_ros_agent/micro_ros_agent) by extensions ['ignore', 'ignore_ament_install']
[0.417s] Level 1:colcon.colcon_core.package_identification:_identify(vcs_repos/uros/micro_ros_agent/micro_ros_agent) by extension 'ignore'
[0.417s] Level 1:colcon.colcon_core.package_identification:_identify(vcs_repos/uros/micro_ros_agent/micro_ros_agent) by extension 'ignore_ament_install'
[0.417s] Level 1:colcon.colcon_core.package_identification:_identify(vcs_repos/uros/micro_ros_agent/micro_ros_agent) by extensions ['colcon_pkg']
[0.417s] Level 1:colcon.colcon_core.package_identification:_identify(vcs_repos/uros/micro_ros_agent/micro_ros_agent) by extension 'colcon_pkg'
[0.417s] Level 1:colcon.colcon_core.package_identification:_identify(vcs_repos/uros/micro_ros_agent/micro_ros_agent) by extensions ['colcon_meta']
[0.417s] Level 1:colcon.colcon_core.package_identification:_identify(vcs_repos/uros/micro_ros_agent/micro_ros_agent) by extension 'colcon_meta'
[0.417s] Level 1:colcon.colcon_core.package_identification:_identify(vcs_repos/uros/micro_ros_agent/micro_ros_agent) by extensions ['ros']
[0.417s] Level 1:colcon.colcon_core.package_identification:_identify(vcs_repos/uros/micro_ros_agent/micro_ros_agent) by extension 'ros'
[0.419s] DEBUG:colcon.colcon_core.package_identification:Package 'vcs_repos/uros/micro_ros_agent/micro_ros_agent' with type 'ros.ament_cmake' and name 'micro_ros_agent'
[0.419s] Level 1:colcon.colcon_core.package_identification:_identify(vcs_repos/uros/micro_ros_agent/snap) by extensions ['ignore', 'ignore_ament_install']
[0.419s] Level 1:colcon.colcon_core.package_identification:_identify(vcs_repos/uros/micro_ros_agent/snap) by extension 'ignore'
[0.419s] Level 1:colcon.colcon_core.package_identification:_identify(vcs_repos/uros/micro_ros_agent/snap) by extension 'ignore_ament_install'
[0.419s] Level 1:colcon.colcon_core.package_identification:_identify(vcs_repos/uros/micro_ros_agent/snap) by extensions ['colcon_pkg']
[0.419s] Level 1:colcon.colcon_core.package_identification:_identify(vcs_repos/uros/micro_ros_agent/snap) by extension 'colcon_pkg'
[0.419s] Level 1:colcon.colcon_core.package_identification:_identify(vcs_repos/uros/micro_ros_agent/snap) by extensions ['colcon_meta']
[0.419s] Level 1:colcon.colcon_core.package_identification:_identify(vcs_repos/uros/micro_ros_agent/snap) by extension 'colcon_meta'
[0.419s] Level 1:colcon.colcon_core.package_identification:_identify(vcs_repos/uros/micro_ros_agent/snap) by extensions ['ros']
[0.419s] Level 1:colcon.colcon_core.package_identification:_identify(vcs_repos/uros/micro_ros_agent/snap) by extension 'ros'
[0.419s] Level 1:colcon.colcon_core.package_identification:_identify(vcs_repos/uros/micro_ros_agent/snap) by extensions ['cmake', 'python']
[0.419s] Level 1:colcon.colcon_core.package_identification:_identify(vcs_repos/uros/micro_ros_agent/snap) by extension 'cmake'
[0.419s] Level 1:colcon.colcon_core.package_identification:_identify(vcs_repos/uros/micro_ros_agent/snap) by extension 'python'
[0.419s] Level 1:colcon.colcon_core.package_identification:_identify(vcs_repos/uros/micro_ros_agent/snap) by extensions ['python_setup_py']
[0.419s] Level 1:colcon.colcon_core.package_identification:_identify(vcs_repos/uros/micro_ros_agent/snap) by extension 'python_setup_py'
[0.420s] Level 1:colcon.colcon_core.package_identification:_identify(vcs_repos/uros/micro_ros_agent/snap/hooks) by extensions ['ignore', 'ignore_ament_install']
[0.420s] Level 1:colcon.colcon_core.package_identification:_identify(vcs_repos/uros/micro_ros_agent/snap/hooks) by extension 'ignore'
[0.420s] Level 1:colcon.colcon_core.package_identification:_identify(vcs_repos/uros/micro_ros_agent/snap/hooks) by extension 'ignore_ament_install'
[0.420s] Level 1:colcon.colcon_core.package_identification:_identify(vcs_repos/uros/micro_ros_agent/snap/hooks) by extensions ['colcon_pkg']
[0.420s] Level 1:colcon.colcon_core.package_identification:_identify(vcs_repos/uros/micro_ros_agent/snap/hooks) by extension 'colcon_pkg'
[0.420s] Level 1:colcon.colcon_core.package_identification:_identify(vcs_repos/uros/micro_ros_agent/snap/hooks) by extensions ['colcon_meta']
[0.420s] Level 1:colcon.colcon_core.package_identification:_identify(vcs_repos/uros/micro_ros_agent/snap/hooks) by extension 'colcon_meta'
[0.420s] Level 1:colcon.colcon_core.package_identification:_identify(vcs_repos/uros/micro_ros_agent/snap/hooks) by extensions ['ros']
[0.420s] Level 1:colcon.colcon_core.package_identification:_identify(vcs_repos/uros/micro_ros_agent/snap/hooks) by extension 'ros'
[0.420s] Level 1:colcon.colcon_core.package_identification:_identify(vcs_repos/uros/micro_ros_agent/snap/hooks) by extensions ['cmake', 'python']
[0.420s] Level 1:colcon.colcon_core.package_identification:_identify(vcs_repos/uros/micro_ros_agent/snap/hooks) by extension 'cmake'
[0.420s] Level 1:colcon.colcon_core.package_identification:_identify(vcs_repos/uros/micro_ros_agent/snap/hooks) by extension 'python'
[0.420s] Level 1:colcon.colcon_core.package_identification:_identify(vcs_repos/uros/micro_ros_agent/snap/hooks) by extensions ['python_setup_py']
[0.420s] Level 1:colcon.colcon_core.package_identification:_identify(vcs_repos/uros/micro_ros_agent/snap/hooks) by extension 'python_setup_py'
[0.420s] Level 1:colcon.colcon_core.package_identification:_identify(vcs_repos/uros/micro_ros_agent/snap/local) by extensions ['ignore', 'ignore_ament_install']
[0.421s] Level 1:colcon.colcon_core.package_identification:_identify(vcs_repos/uros/micro_ros_agent/snap/local) by extension 'ignore'
[0.421s] Level 1:colcon.colcon_core.package_identification:_identify(vcs_repos/uros/micro_ros_agent/snap/local) by extension 'ignore_ament_install'
[0.421s] Level 1:colcon.colcon_core.package_identification:_identify(vcs_repos/uros/micro_ros_agent/snap/local) by extensions ['colcon_pkg']
[0.421s] Level 1:colcon.colcon_core.package_identification:_identify(vcs_repos/uros/micro_ros_agent/snap/local) by extension 'colcon_pkg'
[0.421s] Level 1:colcon.colcon_core.package_identification:_identify(vcs_repos/uros/micro_ros_agent/snap/local) by extensions ['colcon_meta']
[0.421s] Level 1:colcon.colcon_core.package_identification:_identify(vcs_repos/uros/micro_ros_agent/snap/local) by extension 'colcon_meta'
[0.421s] Level 1:colcon.colcon_core.package_identification:_identify(vcs_repos/uros/micro_ros_agent/snap/local) by extensions ['ros']
[0.421s] Level 1:colcon.colcon_core.package_identification:_identify(vcs_repos/uros/micro_ros_agent/snap/local) by extension 'ros'
[0.421s] Level 1:colcon.colcon_core.package_identification:_identify(vcs_repos/uros/micro_ros_agent/snap/local) by extensions ['cmake', 'python']
[0.421s] Level 1:colcon.colcon_core.package_identification:_identify(vcs_repos/uros/micro_ros_agent/snap/local) by extension 'cmake'
[0.421s] Level 1:colcon.colcon_core.package_identification:_identify(vcs_repos/uros/micro_ros_agent/snap/local) by extension 'python'
[0.421s] Level 1:colcon.colcon_core.package_identification:_identify(vcs_repos/uros/micro_ros_agent/snap/local) by extensions ['python_setup_py']
[0.421s] Level 1:colcon.colcon_core.package_identification:_identify(vcs_repos/uros/micro_ros_agent/snap/local) by extension 'python_setup_py'
[0.421s] Level 1:colcon.colcon_core.package_identification:_identify(vcs_repos/uros/micro_ros_msgs) by extensions ['ignore', 'ignore_ament_install']
[0.421s] Level 1:colcon.colcon_core.package_identification:_identify(vcs_repos/uros/micro_ros_msgs) by extension 'ignore'
[0.421s] Level 1:colcon.colcon_core.package_identification:_identify(vcs_repos/uros/micro_ros_msgs) by extension 'ignore_ament_install'
[0.422s] Level 1:colcon.colcon_core.package_identification:_identify(vcs_repos/uros/micro_ros_msgs) by extensions ['colcon_pkg']
[0.422s] Level 1:colcon.colcon_core.package_identification:_identify(vcs_repos/uros/micro_ros_msgs) by extension 'colcon_pkg'
[0.422s] Level 1:colcon.colcon_core.package_identification:_identify(vcs_repos/uros/micro_ros_msgs) by extensions ['colcon_meta']
[0.422s] Level 1:colcon.colcon_core.package_identification:_identify(vcs_repos/uros/micro_ros_msgs) by extension 'colcon_meta'
[0.422s] Level 1:colcon.colcon_core.package_identification:_identify(vcs_repos/uros/micro_ros_msgs) by extensions ['ros']
[0.422s] Level 1:colcon.colcon_core.package_identification:_identify(vcs_repos/uros/micro_ros_msgs) by extension 'ros'
[0.422s] DEBUG:colcon.colcon_core.package_identification:Package 'vcs_repos/uros/micro_ros_msgs' with type 'ros.ament_cmake' and name 'micro_ros_msgs'
[0.422s] Level 1:colcon.colcon_core.package_discovery:discover_packages(recursive) using defaults
[0.422s] Level 1:colcon.colcon_core.package_discovery:discover_packages(ignore) discover
[0.422s] Level 1:colcon.colcon_core.package_discovery:discover_packages(ignore) using defaults
[0.422s] Level 1:colcon.colcon_core.package_discovery:discover_packages(path) discover
[0.422s] Level 1:colcon.colcon_core.package_discovery:discover_packages(path) using defaults
[0.423s] WARNING:colcon.colcon_core.package_selection:ignoring unknown package 'solve' in --packages-select
[0.447s] INFO:colcon.colcon_core.package_selection:Skipping not selected package 'avader' in 'avader'
[0.447s] INFO:colcon.colcon_core.package_selection:Skipping not selected package 'micro_ros_msgs' in 'vcs_repos/uros/micro_ros_msgs'
[0.447s] INFO:colcon.colcon_core.package_selection:Skipping not selected package 'px4_msgs' in 'vcs_repos/px4_msgs'
[0.447s] INFO:colcon.colcon_core.package_selection:Skipping not selected package 'solver' in 'solver'
[0.447s] INFO:colcon.colcon_core.package_selection:Skipping not selected package 'micro_ros_agent' in 'vcs_repos/uros/micro_ros_agent/micro_ros_agent'
[0.447s] INFO:colcon.colcon_core.package_selection:Skipping not selected package 'px4_ros_com' in 'vcs_repos/px4_ros_com'
[0.447s] INFO:colcon.colcon_core.executor:Executing jobs using 'parallel' executor
[0.449s] DEBUG:colcon.colcon_parallel_executor.executor.parallel:run_until_complete
[0.449s] DEBUG:colcon.colcon_parallel_executor.executor.parallel:closing loop
[0.449s] DEBUG:colcon.colcon_parallel_executor.executor.parallel:loop closed
[0.450s] DEBUG:colcon.colcon_parallel_executor.executor.parallel:run_until_complete finished with '0'
[0.450s] DEBUG:colcon.colcon_core.event_reactor:joining thread
[0.457s] INFO:colcon.colcon_core.plugin_system:Skipping extension 'colcon_notification.desktop_notification.notify_send': Could not find 'notify-send'
[0.457s] INFO:colcon.colcon_core.plugin_system:Skipping extension 'colcon_notification.desktop_notification.terminal_notifier': Not used on non-Darwin systems
[0.457s] INFO:colcon.colcon_core.plugin_system:Skipping extension 'colcon_notification.desktop_notification.win32': Not used on non-Windows systems
[0.457s] INFO:colcon.colcon_notification.desktop_notification:Sending desktop notification using 'notify2'
[0.462s] DEBUG:colcon.colcon_notification.desktop_notification.notify2:Failed to initialize notify2: org.freedesktop.DBus.Error.Spawn.ExecFailed: /usr/bin/dbus-launch terminated abnormally without any error message
[0.463s] DEBUG:colcon.colcon_core.event_reactor:joined thread
[0.467s] INFO:colcon.colcon_core.plugin_system:Skipping extension 'colcon_core.shell.bat': Not used on non-Windows systems
[0.468s] INFO:colcon.colcon_core.shell:Creating prefix script '/home/developer/ros2_ws/src/install/local_setup.ps1'
[0.469s] INFO:colcon.colcon_core.shell:Creating prefix util module '/home/developer/ros2_ws/src/install/_local_setup_util_ps1.py'
[0.471s] INFO:colcon.colcon_core.shell:Creating prefix chain script '/home/developer/ros2_ws/src/install/setup.ps1'
[0.474s] INFO:colcon.colcon_core.shell:Creating prefix script '/home/developer/ros2_ws/src/install/local_setup.sh'
[0.475s] INFO:colcon.colcon_core.shell:Creating prefix util module '/home/developer/ros2_ws/src/install/_local_setup_util_sh.py'
[0.476s] INFO:colcon.colcon_core.shell:Creating prefix chain script '/home/developer/ros2_ws/src/install/setup.sh'
[0.477s] INFO:colcon.colcon_core.shell:Creating prefix script '/home/developer/ros2_ws/src/install/local_setup.bash'
[0.478s] INFO:colcon.colcon_core.shell:Creating prefix chain script '/home/developer/ros2_ws/src/install/setup.bash'
[0.479s] INFO:colcon.colcon_core.shell:Creating prefix script '/home/developer/ros2_ws/src/install/local_setup.zsh'
[0.480s] INFO:colcon.colcon_core.shell:Creating prefix chain script '/home/developer/ros2_ws/src/install/setup.zsh'
