[1.570s] Invoking command in '/home/developer/ros2_ws/src/solver': PYTHONPATH=/home/developer/ros2_ws/src/build/solver/prefix_override:/usr/lib/python3/dist-packages/colcon_core/task/python/colcon_distutils_commands:/home/developer/ros2_ws/src/install/solver/lib/python3.10/site-packages:${PYTHONPATH} /usr/bin/python3 -W ignore:setup.py install is deprecated -W ignore:easy_install command is deprecated setup.py egg_info --egg-base ../build/solver build --build-base /home/developer/ros2_ws/src/build/solver/build install --record /home/developer/ros2_ws/src/build/solver/install.log --single-version-externally-managed install_data
[2.199s] running egg_info
[2.201s] writing ../build/solver/solver.egg-info/PKG-INFO
[2.202s] writing dependency_links to ../build/solver/solver.egg-info/dependency_links.txt
[2.202s] writing entry points to ../build/solver/solver.egg-info/entry_points.txt
[2.203s] writing requirements to ../build/solver/solver.egg-info/requires.txt
[2.203s] writing top-level names to ../build/solver/solver.egg-info/top_level.txt
[2.207s] reading manifest file '../build/solver/solver.egg-info/SOURCES.txt'
[2.209s] writing manifest file '../build/solver/solver.egg-info/SOURCES.txt'
[2.209s] running build
[2.209s] running build_py
[2.210s] copying solver/challenge.py -> /home/developer/ros2_ws/src/build/solver/build/lib/solver
[2.210s] running install
[2.211s] running install_lib
[2.213s] copying /home/developer/ros2_ws/src/build/solver/build/lib/solver/challenge.py -> /home/developer/ros2_ws/src/install/solver/lib/python3.10/site-packages/solver
[2.215s] byte-compiling /home/developer/ros2_ws/src/install/solver/lib/python3.10/site-packages/solver/challenge.py to challenge.cpython-310.pyc
[2.220s] running install_data
[2.221s] running install_egg_info
[2.225s] removing '/home/developer/ros2_ws/src/install/solver/lib/python3.10/site-packages/solver-0.0.0-py3.10.egg-info' (and everything under it)
[2.226s] Copying ../build/solver/solver.egg-info to /home/developer/ros2_ws/src/install/solver/lib/python3.10/site-packages/solver-0.0.0-py3.10.egg-info
[2.229s] running install_scripts
[2.280s] Installing challenge script to /home/developer/ros2_ws/src/install/solver/lib/solver
[2.281s] writing list of installed files to '/home/developer/ros2_ws/src/build/solver/install.log'
[2.329s] Invoked command in '/home/developer/ros2_ws/src/solver' returned '0': PYTHONPATH=/home/developer/ros2_ws/src/build/solver/prefix_override:/usr/lib/python3/dist-packages/colcon_core/task/python/colcon_distutils_commands:/home/developer/ros2_ws/src/install/solver/lib/python3.10/site-packages:${PYTHONPATH} /usr/bin/python3 -W ignore:setup.py install is deprecated -W ignore:easy_install command is deprecated setup.py egg_info --egg-base ../build/solver build --build-base /home/developer/ros2_ws/src/build/solver/build install --record /home/developer/ros2_ws/src/build/solver/install.log --single-version-externally-managed install_data
